src/lib/data/collections.ts(42,22): error TS2353: Object literal may only specify known properties, and 'collection_id' does not exist in type 'FindParams & StoreProductParams'.
src/lib/data/orders.ts(13,7): error TS2345: Argument of type '{ then<TResult1 = {} | { authorization: string; }, TResult2 = never>(onfulfilled?: ((value: {} | { authorization: string; }) => TResult1 | PromiseLike<TResult1>) | null | undefined, onrejected?: ((reason: any) => TResult2 | PromiseLike<...>) | ... 1 more ... | undefined): Promise<...>; catch<TResult = never>(onrejec...' is not assignable to parameter of type 'ClientHeaders'.
  Property 'then' is incompatible with index signature.
    Type '<TResult1 = {} | { authorization: string; }, TResult2 = never>(onfulfilled?: ((value: {} | { authorization: string; }) => TResult1 | PromiseLike<TResult1>) | null | undefined, onrejected?: ((reason: any) => TResult2 | PromiseLike<...>) | ... 1 more ... | undefined) => Promise<...>' is not assignable to type 'string | { tags: string[]; } | null'.
src/lib/data/orders.ts(24,30): error TS2345: Argument of type '{ then<TResult1 = {} | { authorization: string; }, TResult2 = never>(onfulfilled?: ((value: {} | { authorization: string; }) => TResult1 | PromiseLike<TResult1>) | null | undefined, onrejected?: ((reason: any) => TResult2 | PromiseLike<...>) | ... 1 more ... | undefined): Promise<...>; catch<TResult = never>(onrejec...' is not assignable to parameter of type 'ClientHeaders'.
  Property 'then' is incompatible with index signature.
    Type '<TResult1 = {} | { authorization: string; }, TResult2 = never>(onfulfilled?: ((value: {} | { authorization: string; }) => TResult1 | PromiseLike<TResult1>) | null | undefined, onrejected?: ((reason: any) => TResult2 | PromiseLike<...>) | ... 1 more ... | undefined) => Promise<...>' is not assignable to type 'string | { tags: string[]; } | null'.
src/modules/checkout/components/discount-code/index.tsx(132,37): error TS2322: Type 'string' is not assignable to type 'number'.
src/modules/products/components/product-onboarding-cta/index.tsx(5,34): error TS2339: Property 'get' does not exist on type 'Promise<ReadonlyRequestCookies>'.
