src/lib/data/cart.ts(140,37): error TS2345: Argument of type '{} | { authorization: string; }' is not assignable to parameter of type 'SelectParams | undefined'.
  Type '{ authorization: string; }' has no properties in common with type 'SelectParams'.
src/lib/data/collections.ts(42,22): error TS2353: Object literal may only specify known properties, and 'collection_id' does not exist in type 'FindParams & StoreProductParams'.
src/lib/data/customer.ts(13,19): error TS2345: Argument of type '{ then<TResult1 = {} | { authorization: string; }, TResult2 = never>(onfulfilled?: ((value: {} | { authorization: string; }) => TResult1 | PromiseLike<TResult1>) | null | undefined, onrejected?: ((reason: any) => TResult2 | PromiseLike<...>) | ... 1 more ... | undefined): Promise<...>; catch<TResult = never>(onrejec...' is not assignable to parameter of type 'ClientHeaders'.
  Property 'then' is incompatible with index signature.
    Type '<TResult1 = {} | { authorization: string; }, TResult2 = never>(onfulfilled?: ((value: {} | { authorization: string; }) => TResult1 | PromiseLike<TResult1>) | null | undefined, onrejected?: ((reason: any) => TResult2 | PromiseLike<...>) | ... 1 more ... | undefined) => Promise<...>' is not assignable to type 'string | { tags: string[]; } | null'.
src/lib/data/customer.ts(22,23): error TS2345: Argument of type 'Promise<{} | { authorization: string; }>' is not assignable to parameter of type 'ClientHeaders'.
  Index signature for type 'string' is missing in type 'Promise<{} | { authorization: string; }>'.
src/lib/data/customer.ts(109,33): error TS2345: Argument of type 'Promise<{} | { authorization: string; }>' is not assignable to parameter of type 'ClientHeaders'.
  Index signature for type 'string' is missing in type 'Promise<{} | { authorization: string; }>'.
src/lib/data/customer.ts(123,31): error TS2345: Argument of type 'Promise<{} | { authorization: string; }>' is not assignable to parameter of type 'ClientHeaders'.
  Index signature for type 'string' is missing in type 'Promise<{} | { authorization: string; }>'.
src/lib/data/customer.ts(153,44): error TS2345: Argument of type 'Promise<{} | { authorization: string; }>' is not assignable to parameter of type 'ClientHeaders'.
  Index signature for type 'string' is missing in type 'Promise<{} | { authorization: string; }>'.
src/lib/data/onboarding.ts(6,13): error TS2339: Property 'set' does not exist on type 'Promise<ReadonlyRequestCookies>'.
src/lib/data/orders.ts(13,7): error TS2345: Argument of type '{ then<TResult1 = {} | { authorization: string; }, TResult2 = never>(onfulfilled?: ((value: {} | { authorization: string; }) => TResult1 | PromiseLike<TResult1>) | null | undefined, onrejected?: ((reason: any) => TResult2 | PromiseLike<...>) | ... 1 more ... | undefined): Promise<...>; catch<TResult = never>(onrejec...' is not assignable to parameter of type 'ClientHeaders'.
  Property 'then' is incompatible with index signature.
    Type '<TResult1 = {} | { authorization: string; }, TResult2 = never>(onfulfilled?: ((value: {} | { authorization: string; }) => TResult1 | PromiseLike<TResult1>) | null | undefined, onrejected?: ((reason: any) => TResult2 | PromiseLike<...>) | ... 1 more ... | undefined) => Promise<...>' is not assignable to type 'string | { tags: string[]; } | null'.
src/lib/data/orders.ts(24,30): error TS2345: Argument of type '{ then<TResult1 = {} | { authorization: string; }, TResult2 = never>(onfulfilled?: ((value: {} | { authorization: string; }) => TResult1 | PromiseLike<TResult1>) | null | undefined, onrejected?: ((reason: any) => TResult2 | PromiseLike<...>) | ... 1 more ... | undefined): Promise<...>; catch<TResult = never>(onrejec...' is not assignable to parameter of type 'ClientHeaders'.
  Property 'then' is incompatible with index signature.
    Type '<TResult1 = {} | { authorization: string; }, TResult2 = never>(onfulfilled?: ((value: {} | { authorization: string; }) => TResult1 | PromiseLike<TResult1>) | null | undefined, onrejected?: ((reason: any) => TResult2 | PromiseLike<...>) | ... 1 more ... | undefined) => Promise<...>' is not assignable to type 'string | { tags: string[]; } | null'.
src/modules/checkout/components/discount-code/index.tsx(132,37): error TS2322: Type 'string' is not assignable to type 'number'.
src/modules/order/templates/order-completed-template.tsx(20,34): error TS2339: Property 'get' does not exist on type 'Promise<ReadonlyRequestCookies>'.
src/modules/products/components/product-onboarding-cta/index.tsx(5,34): error TS2339: Property 'get' does not exist on type 'Promise<ReadonlyRequestCookies>'.
src/modules/products/components/related-products/index.tsx(35,17): error TS2339: Property 'collection_id' does not exist on type 'StoreProductParamsWithTags'.
src/modules/products/components/related-products/index.tsx(43,15): error TS2339: Property 'is_giftcard' does not exist on type 'StoreProductParamsWithTags'.
